# JRE version: OpenJDK Runtime Environment Temurin-17.0.17+10 (17.0.17+10) (build 17.0.17+10)
# Java VM: OpenJDK 64-Bit Server VM Temurin-17.0.17+10 (17.0.17+10, mixed mode, sharing, tiered, compressed oops, compressed class ptrs, g1 gc, windows-amd64)
GC Precious Log:
 CPUs: 20 total, 20 available
 Memory: 32496M
 Large Page Support: Disabled
 NUMA Support: Disabled
 Compressed Oops: Enabled (32-bit)
 Heap Region Size: 1M
 Heap Min Capacity: 8M
 Heap Initial Capacity: 508M
 Heap Max Capacity: 1536M
 Pre-touch: Disabled
 Parallel Workers: 15
 Concurrent Workers: 4
 Concurrent Refinement Workers: 15
 Periodic GC: Disabled
Heap:
 garbage-first heap   total 305152K, used 129933K [0x00000000a0000000, 0x0000000100000000)
  region size 1024K, 77 young (78848K), 13 survivors (13312K)
 Metaspace       used 55926K, committed 56768K, reserved 1114112K
  class space    used 7615K, committed 8000K, reserved 1048576K
GC Heap History (20 events):
Event: 9.474 GC heap before
{Heap before GC invocations=7 (full 0):
 garbage-first heap   total 89088K, used 58188K [0x00000000a0000000, 0x0000000100000000)
  region size 1024K, 32 young (32768K), 2 survivors (2048K)
 Metaspace       used 35559K, committed 35968K, reserved 1114112K
  class space    used 5052K, committed 5248K, reserved 1048576K
}
Event: 9.478 GC heap after
{Heap after GC invocations=8 (full 0):
 garbage-first heap   total 89088K, used 32237K [0x00000000a0000000, 0x0000000100000000)
  region size 1024K, 5 young (5120K), 5 survivors (5120K)
 Metaspace       used 35559K, committed 35968K, reserved 1114112K
  class space    used 5052K, committed 5248K, reserved 1048576K
}
Event: 10.325 GC heap before
{Heap before GC invocations=9 (full 0):
 garbage-first heap   total 89088K, used 71149K [0x00000000a0000000, 0x0000000100000000)
  region size 1024K, 38 young (38912K), 5 survivors (5120K)
 Metaspace       used 37840K, committed 38272K, reserved 1114112K
  class space    used 5241K, committed 5440K, reserved 1048576K
}
Event: 10.330 GC heap after
{Heap after GC invocations=10 (full 0):
 garbage-first heap   total 89088K, used 36728K [0x00000000a0000000, 0x0000000100000000)
  region size 1024K, 5 young (5120K), 5 survivors (5120K)
 Metaspace       used 37840K, committed 38272K, reserved 1114112K
  class space    used 5241K, committed 5440K, reserved 1048576K
}
Event: 11.619 GC heap before
{Heap before GC invocations=10 (full 0):
 garbage-first heap   total 89088K, used 67448K [0x00000000a0000000, 0x0000000100000000)
  region size 1024K, 35 young (35840K), 5 survivors (5120K)
 Metaspace       used 40332K, committed 40832K, reserved 1114112K
  class space    used 5624K, committed 5824K, reserved 1048576K
}
Event: 11.622 GC heap after
{Heap after GC invocations=11 (full 0):
 garbage-first heap   total 89088K, used 39111K [0x00000000a0000000, 0x0000000100000000)
  region size 1024K, 4 young (4096K), 4 survivors (4096K)
 Metaspace       used 40332K, committed 40832K, reserved 1114112K
  class space    used 5624K, committed 5824K, reserved 1048576K
}
Event: 12.354 GC heap before
{Heap before GC invocations=11 (full 0):
 garbage-first heap   total 89088K, used 69831K [0x00000000a0000000, 0x0000000100000000)
  region size 1024K, 33 young (33792K), 4 survivors (4096K)
 Metaspace       used 43301K, committed 43840K, reserved 1114112K
  class space    used 5962K, committed 6208K, reserved 1048576K
}
Event: 12.358 GC heap after
{Heap after GC invocations=12 (full 0):
 garbage-first heap   total 89088K, used 40962K [0x00000000a0000000, 0x0000000100000000)
  region size 1024K, 2 young (2048K), 2 survivors (2048K)
 Metaspace       used 43301K, committed 43840K, reserved 1114112K
  class space    used 5962K, committed 6208K, reserved 1048576K
}
Event: 13.432 GC heap before
{Heap before GC invocations=12 (full 0):
 garbage-first heap   total 89088K, used 69634K [0x00000000a0000000, 0x0000000100000000)
  region size 1024K, 30 young (30720K), 2 survivors (2048K)
 Metaspace       used 45748K, committed 46272K, reserved 1114112K
  class space    used 6378K, committed 6592K, reserved 1048576K
}
Event: 13.435 GC heap after
{Heap after GC invocations=13 (full 0):
 garbage-first heap   total 89088K, used 42192K [0x00000000a0000000, 0x0000000100000000)
  region size 1024K, 3 young (3072K), 3 survivors (3072K)
 Metaspace       used 45748K, committed 46272K, reserved 1114112K
  class space    used 6378K, committed 6592K, reserved 1048576K
}
Event: 14.782 GC heap before
{Heap before GC invocations=14 (full 0):
 garbage-first heap   total 89088K, used 70864K [0x00000000a0000000, 0x0000000100000000)
  region size 1024K, 31 young (31744K), 3 survivors (3072K)
 Metaspace       used 48149K, committed 48704K, reserved 1114112K
  class space    used 6699K, committed 6912K, reserved 1048576K
}
Event: 14.786 GC heap after
{Heap after GC invocations=15 (full 0):
 garbage-first heap   total 89088K, used 44606K [0x00000000a0000000, 0x0000000100000000)
  region size 1024K, 4 young (4096K), 4 survivors (4096K)
 Metaspace       used 48149K, committed 48704K, reserved 1114112K
  class space    used 6699K, committed 6912K, reserved 1048576K
}
Event: 15.334 GC heap before
{Heap before GC invocations=15 (full 0):
 garbage-first heap   total 89088K, used 70206K [0x00000000a0000000, 0x0000000100000000)
  region size 1024K, 30 young (30720K), 4 survivors (4096K)
 Metaspace       used 49050K, committed 49600K, reserved 1114112K
  class space    used 6815K, committed 7040K, reserved 1048576K
}
Event: 15.355 GC heap after
{Heap after GC invocations=16 (full 0):
 garbage-first heap   total 89088K, used 48553K [0x00000000a0000000, 0x0000000100000000)
  region size 1024K, 4 young (4096K), 4 survivors (4096K)
 Metaspace       used 49050K, committed 49600K, reserved 1114112K
  class space    used 6815K, committed 7040K, reserved 1048576K
}
Event: 15.964 GC heap before
{Heap before GC invocations=17 (full 0):
 garbage-first heap   total 89088K, used 71081K [0x00000000a0000000, 0x0000000100000000)
  region size 1024K, 26 young (26624K), 4 survivors (4096K)
 Metaspace       used 49391K, committed 49920K, reserved 1114112K
  class space    used 6842K, committed 7040K, reserved 1048576K
}
Event: 15.971 GC heap after
{Heap after GC invocations=18 (full 0):
 garbage-first heap   total 305152K, used 49183K [0x00000000a0000000, 0x0000000100000000)
  region size 1024K, 4 young (4096K), 4 survivors (4096K)
 Metaspace       used 49391K, committed 49920K, reserved 1114112K
  class space    used 6842K, committed 7040K, reserved 1048576K
}
Event: 16.196 GC heap before
{Heap before GC invocations=18 (full 0):
 garbage-first heap   total 305152K, used 58399K [0x00000000a0000000, 0x0000000100000000)
  region size 1024K, 14 young (14336K), 4 survivors (4096K)
 Metaspace       used 49430K, committed 49920K, reserved 1114112K
  class space    used 6842K, committed 7040K, reserved 1048576K
}
Event: 16.200 GC heap after
{Heap after GC invocations=19 (full 0):
 garbage-first heap   total 305152K, used 49071K [0x00000000a0000000, 0x0000000100000000)
  region size 1024K, 2 young (2048K), 2 survivors (2048K)
 Metaspace       used 49430K, committed 49920K, reserved 1114112K
  class space    used 6842K, committed 7040K, reserved 1048576K
}
Event: 30.092 GC heap before
{Heap before GC invocations=19 (full 0):
 garbage-first heap   total 305152K, used 232367K [0x00000000a0000000, 0x0000000100000000)
  region size 1024K, 174 young (178176K), 2 survivors (2048K)
 Metaspace       used 54077K, committed 54784K, reserved 1114112K
  class space    used 7453K, committed 7808K, reserved 1048576K
}
Event: 30.102 GC heap after
{Heap after GC invocations=20 (full 0):
 garbage-first heap   total 305152K, used 66445K [0x00000000a0000000, 0x0000000100000000)
  region size 1024K, 13 young (13312K), 13 survivors (13312K)
 Metaspace       used 54077K, committed 54784K, reserved 1114112K
  class space    used 7453K, committed 7808K, reserved 1048576K
}

